[debug] [2022-10-29T19:54:37.127Z] ----------------------------------------------------------------------
[debug] [2022-10-29T19:54:37.130Z] Command:       C:\Program Files\nodejs\node.exe C:\Users\panka\AppData\Roaming\npm\node_modules\firebase-tools\lib\bin\firebase.js init
[debug] [2022-10-29T19:54:37.130Z] CLI Version:   11.14.1
[debug] [2022-10-29T19:54:37.131Z] Platform:      win32
[debug] [2022-10-29T19:54:37.131Z] Node Version:  v16.17.1
[debug] [2022-10-29T19:54:37.132Z] Time:          Sun Oct 30 2022 01:24:37 GMT+0530 (India Standard Time)
[debug] [2022-10-29T19:54:37.132Z] ----------------------------------------------------------------------
[debug] 
[debug] [2022-10-29T19:54:37.216Z] > command requires scopes: ["email","openid","https://www.googleapis.com/auth/cloudplatformprojects.readonly","https://www.googleapis.com/auth/firebase","https://www.googleapis.com/auth/cloud-platform"]
[debug] [2022-10-29T19:54:37.217Z] > authorizing via signed-in user (tonypankaj2@gmail.com)
[info] 
     ######## #### ########  ######## ########     ###     ######  ########
     ##        ##  ##     ## ##       ##     ##  ##   ##  ##       ##
     ######    ##  ########  ######   ########  #########  ######  ######
     ##        ##  ##    ##  ##       ##     ## ##     ##       ## ##
     ##       #### ##     ## ######## ########  ##     ##  ######  ########

You're about to initialize a Firebase project in this directory:

  C:\Users\panka\Desktop\reactjs\the-dojo

Before we get started, keep in mind:

  * You are initializing within an existing Firebase project directory

[info] 
=== Project Setup
[info] 
[info] First, let's associate this project directory with a Firebase project.
[info] You can create multiple project aliases by running firebase use --add, 
[info] but for now we'll just set up a default project.
[info] 
[debug] [2022-10-29T19:54:48.513Z] Using project from CLI flag: cooking-app-2f359
[debug] [2022-10-29T19:54:48.517Z] >>> [apiv2][query] GET https://firebase.googleapis.com/v1beta1/projects/cooking-app-2f359 [none]
[debug] [2022-10-29T19:54:49.236Z] <<< [apiv2][status] GET https://firebase.googleapis.com/v1beta1/projects/cooking-app-2f359 403
[debug] [2022-10-29T19:54:49.237Z] <<< [apiv2][body] GET https://firebase.googleapis.com/v1beta1/projects/cooking-app-2f359 {"error":{"code":403,"message":"The caller does not have permission","status":"PERMISSION_DENIED"}}
[debug] [2022-10-29T19:54:49.238Z] HTTP Error: 403, The caller does not have permission
[debug] [2022-10-29T19:54:49.407Z] FirebaseError: HTTP Error: 403, The caller does not have permission
    at responseToError (C:\Users\panka\AppData\Roaming\npm\node_modules\firebase-tools\lib\responseToError.js:49:12)
    at RetryOperation._fn (C:\Users\panka\AppData\Roaming\npm\node_modules\firebase-tools\lib\apiv2.js:288:77)
    at processTicksAndRejections (node:internal/process/task_queues:96:5)
[error] 
[error] Error: Failed to get Firebase project cooking-app-2f359. Please make sure the project exists and your account has permission to access it.
